2022-07-04 20:45:30,380  INFO [main] RSPracticeTest:24 - Browser opened
2022-07-04 20:45:31,713  INFO [main] RSPracticeTest:30 - Tap on alert
2022-07-04 20:45:31,743  INFO [main] RSPracticeTest:34 - Accepted alert
2022-07-04 20:45:37,393 DEBUG [main] cache:45 - Couldn't find template in cache for "extent.ftl"("en_IN", UTF-8, parsed); will try to load it.
2022-07-04 20:45:37,395 DEBUG [main] cache:45 - TemplateLoader.findTemplateSource("extent_en_IN.ftl"): Not found
2022-07-04 20:45:37,396 DEBUG [main] cache:45 - TemplateLoader.findTemplateSource("extent_en.ftl"): Not found
2022-07-04 20:45:37,397 DEBUG [main] cache:45 - TemplateLoader.findTemplateSource("extent.ftl"): Found
2022-07-04 20:45:37,398 DEBUG [main] cache:45 - Loading template for "extent.ftl"("en_IN", UTF-8, parsed) from "jar:file:/Users/yogi/.m2/repository/com/aventstack/extentreports/3.0.0/extentreports-3.0.0.jar!/com/aventstack/extentreports/view/extent.ftl"
2022-07-04 20:45:37,537 DEBUG [main] cache:45 - Couldn't find template in cache for "head.ftl"("en_IN", UTF-8, parsed); will try to load it.
2022-07-04 20:45:37,538 DEBUG [main] cache:45 - TemplateLoader.findTemplateSource("head_en_IN.ftl"): Not found
2022-07-04 20:45:37,538 DEBUG [main] cache:45 - TemplateLoader.findTemplateSource("head_en.ftl"): Not found
2022-07-04 20:45:37,539 DEBUG [main] cache:45 - TemplateLoader.findTemplateSource("head.ftl"): Found
2022-07-04 20:45:37,539 DEBUG [main] cache:45 - Loading template for "head.ftl"("en_IN", UTF-8, parsed) from "jar:file:/Users/yogi/.m2/repository/com/aventstack/extentreports/3.0.0/extentreports-3.0.0.jar!/com/aventstack/extentreports/view/head.ftl"
2022-07-04 20:45:37,544 DEBUG [main] cache:45 - Couldn't find template in cache for "nav.ftl"("en_IN", UTF-8, parsed); will try to load it.
2022-07-04 20:45:37,545 DEBUG [main] cache:45 - TemplateLoader.findTemplateSource("nav_en_IN.ftl"): Not found
2022-07-04 20:45:37,546 DEBUG [main] cache:45 - TemplateLoader.findTemplateSource("nav_en.ftl"): Not found
2022-07-04 20:45:37,547 DEBUG [main] cache:45 - TemplateLoader.findTemplateSource("nav.ftl"): Found
2022-07-04 20:45:37,548 DEBUG [main] cache:45 - Loading template for "nav.ftl"("en_IN", UTF-8, parsed) from "jar:file:/Users/yogi/.m2/repository/com/aventstack/extentreports/3.0.0/extentreports-3.0.0.jar!/com/aventstack/extentreports/view/nav.ftl"
2022-07-04 20:45:37,562 DEBUG [main] cache:45 - Couldn't find template in cache for "test-view/test-view.ftl"("en_IN", UTF-8, parsed); will try to load it.
2022-07-04 20:45:37,563 DEBUG [main] cache:45 - TemplateLoader.findTemplateSource("test-view/test-view_en_IN.ftl"): Not found
2022-07-04 20:45:37,564 DEBUG [main] cache:45 - TemplateLoader.findTemplateSource("test-view/test-view_en.ftl"): Not found
2022-07-04 20:45:37,564 DEBUG [main] cache:45 - TemplateLoader.findTemplateSource("test-view/test-view.ftl"): Found
2022-07-04 20:45:37,565 DEBUG [main] cache:45 - Loading template for "test-view/test-view.ftl"("en_IN", UTF-8, parsed) from "jar:file:/Users/yogi/.m2/repository/com/aventstack/extentreports/3.0.0/extentreports-3.0.0.jar!/com/aventstack/extentreports/view/test-view/test-view.ftl"
2022-07-04 20:45:37,597 DEBUG [main] cache:45 - Couldn't find template in cache for "test-view/test-view-charts.ftl"("en_IN", UTF-8, parsed); will try to load it.
2022-07-04 20:45:37,601 DEBUG [main] cache:45 - TemplateLoader.findTemplateSource("test-view/test-view-charts_en_IN.ftl"): Not found
2022-07-04 20:45:37,602 DEBUG [main] cache:45 - TemplateLoader.findTemplateSource("test-view/test-view-charts_en.ftl"): Not found
2022-07-04 20:45:37,603 DEBUG [main] cache:45 - TemplateLoader.findTemplateSource("test-view/test-view-charts.ftl"): Found
2022-07-04 20:45:37,603 DEBUG [main] cache:45 - Loading template for "test-view/test-view-charts.ftl"("en_IN", UTF-8, parsed) from "jar:file:/Users/yogi/.m2/repository/com/aventstack/extentreports/3.0.0/extentreports-3.0.0.jar!/com/aventstack/extentreports/view/test-view/test-view-charts.ftl"
2022-07-04 20:45:37,628 DEBUG [main] cache:45 - Couldn't find template in cache for "test-view/standard.ftl"("en_IN", UTF-8, parsed); will try to load it.
2022-07-04 20:45:37,628 DEBUG [main] cache:45 - TemplateLoader.findTemplateSource("test-view/standard_en_IN.ftl"): Not found
2022-07-04 20:45:37,631 DEBUG [main] cache:45 - TemplateLoader.findTemplateSource("test-view/standard_en.ftl"): Not found
2022-07-04 20:45:37,632 DEBUG [main] cache:45 - TemplateLoader.findTemplateSource("test-view/standard.ftl"): Found
2022-07-04 20:45:37,633 DEBUG [main] cache:45 - Loading template for "test-view/standard.ftl"("en_IN", UTF-8, parsed) from "jar:file:/Users/yogi/.m2/repository/com/aventstack/extentreports/3.0.0/extentreports-3.0.0.jar!/com/aventstack/extentreports/view/test-view/standard.ftl"
2022-07-04 20:45:37,659 DEBUG [main] cache:45 - Couldn't find template in cache for "category-view/category-view.ftl"("en_IN", UTF-8, parsed); will try to load it.
2022-07-04 20:45:37,660 DEBUG [main] cache:45 - TemplateLoader.findTemplateSource("category-view/category-view_en_IN.ftl"): Not found
2022-07-04 20:45:37,660 DEBUG [main] cache:45 - TemplateLoader.findTemplateSource("category-view/category-view_en.ftl"): Not found
2022-07-04 20:45:37,660 DEBUG [main] cache:45 - TemplateLoader.findTemplateSource("category-view/category-view.ftl"): Found
2022-07-04 20:45:37,661 DEBUG [main] cache:45 - Loading template for "category-view/category-view.ftl"("en_IN", UTF-8, parsed) from "jar:file:/Users/yogi/.m2/repository/com/aventstack/extentreports/3.0.0/extentreports-3.0.0.jar!/com/aventstack/extentreports/view/category-view/category-view.ftl"
2022-07-04 20:45:37,664 DEBUG [main] cache:45 - Couldn't find template in cache for "exception-view/exception-view.ftl"("en_IN", UTF-8, parsed); will try to load it.
2022-07-04 20:45:37,664 DEBUG [main] cache:45 - TemplateLoader.findTemplateSource("exception-view/exception-view_en_IN.ftl"): Not found
2022-07-04 20:45:37,667 DEBUG [main] cache:45 - TemplateLoader.findTemplateSource("exception-view/exception-view_en.ftl"): Not found
2022-07-04 20:45:37,668 DEBUG [main] cache:45 - TemplateLoader.findTemplateSource("exception-view/exception-view.ftl"): Found
2022-07-04 20:45:37,669 DEBUG [main] cache:45 - Loading template for "exception-view/exception-view.ftl"("en_IN", UTF-8, parsed) from "jar:file:/Users/yogi/.m2/repository/com/aventstack/extentreports/3.0.0/extentreports-3.0.0.jar!/com/aventstack/extentreports/view/exception-view/exception-view.ftl"
2022-07-04 20:45:37,674 DEBUG [main] cache:45 - Couldn't find template in cache for "dashboard-view/dashboard-view.ftl"("en_IN", UTF-8, parsed); will try to load it.
2022-07-04 20:45:37,675 DEBUG [main] cache:45 - TemplateLoader.findTemplateSource("dashboard-view/dashboard-view_en_IN.ftl"): Not found
2022-07-04 20:45:37,676 DEBUG [main] cache:45 - TemplateLoader.findTemplateSource("dashboard-view/dashboard-view_en.ftl"): Not found
2022-07-04 20:45:37,676 DEBUG [main] cache:45 - TemplateLoader.findTemplateSource("dashboard-view/dashboard-view.ftl"): Found
2022-07-04 20:45:37,676 DEBUG [main] cache:45 - Loading template for "dashboard-view/dashboard-view.ftl"("en_IN", UTF-8, parsed) from "jar:file:/Users/yogi/.m2/repository/com/aventstack/extentreports/3.0.0/extentreports-3.0.0.jar!/com/aventstack/extentreports/view/dashboard-view/dashboard-view.ftl"
2022-07-04 20:45:37,695 DEBUG [main] cache:45 - Couldn't find template in cache for "logs-view/testrunner-logs-view.ftl"("en_IN", UTF-8, parsed); will try to load it.
2022-07-04 20:45:37,695 DEBUG [main] cache:45 - TemplateLoader.findTemplateSource("logs-view/testrunner-logs-view_en_IN.ftl"): Not found
2022-07-04 20:45:37,696 DEBUG [main] cache:45 - TemplateLoader.findTemplateSource("logs-view/testrunner-logs-view_en.ftl"): Not found
2022-07-04 20:45:37,697 DEBUG [main] cache:45 - TemplateLoader.findTemplateSource("logs-view/testrunner-logs-view.ftl"): Found
2022-07-04 20:45:37,697 DEBUG [main] cache:45 - Loading template for "logs-view/testrunner-logs-view.ftl"("en_IN", UTF-8, parsed) from "jar:file:/Users/yogi/.m2/repository/com/aventstack/extentreports/3.0.0/extentreports-3.0.0.jar!/com/aventstack/extentreports/view/logs-view/testrunner-logs-view.ftl"
